[17-Jan-2023 17:09:54 UTC] PHP Warning:  Undefined array key "title" in C:\Users\rocio\Local Sites\cosmosastronomia\app\public\wp-content\plugins\lightweight-social-icons\lightweight-social-icons.php on line 53
[17-Jan-2023 17:09:54 UTC] PHP Warning:  Undefined array key "widget_id" in C:\Users\rocio\Local Sites\cosmosastronomia\app\public\wp-content\plugins\lightweight-social-icons\lightweight-social-icons.php on line 56
[17-Jan-2023 17:09:54 UTC] PHP Warning:  Undefined array key "widget_id" in C:\Users\rocio\Local Sites\cosmosastronomia\app\public\wp-content\plugins\lightweight-social-icons\lightweight-social-icons.php on line 56
[17-Jan-2023 17:10:05 UTC] PHP Warning:  Undefined array key "new_window" in C:\Users\rocio\Local Sites\cosmosastronomia\app\public\wp-content\plugins\lightweight-social-icons\lightweight-social-icons.php on line 327
[17-Jan-2023 17:10:05 UTC] PHP Warning:  Undefined array key "widget_id" in C:\Users\rocio\Local Sites\cosmosastronomia\app\public\wp-content\plugins\lightweight-social-icons\lightweight-social-icons.php on line 56
[17-Jan-2023 17:10:25 UTC] PHP Warning:  Undefined array key "new_window" in C:\Users\rocio\Local Sites\cosmosastronomia\app\public\wp-content\plugins\lightweight-social-icons\lightweight-social-icons.php on line 327
[17-Jan-2023 17:10:25 UTC] PHP Warning:  Undefined array key "widget_id" in C:\Users\rocio\Local Sites\cosmosastronomia\app\public\wp-content\plugins\lightweight-social-icons\lightweight-social-icons.php on line 56
[17-Jan-2023 17:10:49 UTC] PHP Warning:  Undefined array key "new_window" in C:\Users\rocio\Local Sites\cosmosastronomia\app\public\wp-content\plugins\lightweight-social-icons\lightweight-social-icons.php on line 327
[17-Jan-2023 17:10:49 UTC] PHP Warning:  Undefined array key "widget_id" in C:\Users\rocio\Local Sites\cosmosastronomia\app\public\wp-content\plugins\lightweight-social-icons\lightweight-social-icons.php on line 56
[17-Jan-2023 17:10:51 UTC] PHP Warning:  Undefined array key "new_window" in C:\Users\rocio\Local Sites\cosmosastronomia\app\public\wp-content\plugins\lightweight-social-icons\lightweight-social-icons.php on line 327
[17-Jan-2023 17:10:51 UTC] PHP Warning:  Undefined array key "widget_id" in C:\Users\rocio\Local Sites\cosmosastronomia\app\public\wp-content\plugins\lightweight-social-icons\lightweight-social-icons.php on line 56
[17-Jan-2023 17:10:52 UTC] PHP Warning:  Undefined array key "new_window" in C:\Users\rocio\Local Sites\cosmosastronomia\app\public\wp-content\plugins\lightweight-social-icons\lightweight-social-icons.php on line 327
[17-Jan-2023 17:10:52 UTC] PHP Warning:  Undefined array key "widget_id" in C:\Users\rocio\Local Sites\cosmosastronomia\app\public\wp-content\plugins\lightweight-social-icons\lightweight-social-icons.php on line 56
[17-Jan-2023 17:10:53 UTC] PHP Warning:  Undefined array key "new_window" in C:\Users\rocio\Local Sites\cosmosastronomia\app\public\wp-content\plugins\lightweight-social-icons\lightweight-social-icons.php on line 327
[17-Jan-2023 17:10:53 UTC] PHP Warning:  Undefined array key "widget_id" in C:\Users\rocio\Local Sites\cosmosastronomia\app\public\wp-content\plugins\lightweight-social-icons\lightweight-social-icons.php on line 56
[17-Jan-2023 17:10:53 UTC] PHP Warning:  Undefined array key "new_window" in C:\Users\rocio\Local Sites\cosmosastronomia\app\public\wp-content\plugins\lightweight-social-icons\lightweight-social-icons.php on line 327
[17-Jan-2023 17:10:53 UTC] PHP Warning:  Undefined array key "widget_id" in C:\Users\rocio\Local Sites\cosmosastronomia\app\public\wp-content\plugins\lightweight-social-icons\lightweight-social-icons.php on line 56
[17-Jan-2023 17:11:02 UTC] PHP Warning:  Undefined array key "widget_id" in C:\Users\rocio\Local Sites\cosmosastronomia\app\public\wp-content\plugins\lightweight-social-icons\lightweight-social-icons.php on line 56
[17-Jan-2023 17:11:02 UTC] PHP Warning:  Undefined array key "widget_id" in C:\Users\rocio\Local Sites\cosmosastronomia\app\public\wp-content\plugins\lightweight-social-icons\lightweight-social-icons.php on line 56
[17-Jan-2023 17:11:03 UTC] PHP Warning:  Undefined array key "widget_id" in C:\Users\rocio\Local Sites\cosmosastronomia\app\public\wp-content\plugins\lightweight-social-icons\lightweight-social-icons.php on line 56
[17-Jan-2023 17:12:40 UTC] PHP Warning:  Undefined array key "title" in C:\Users\rocio\Local Sites\cosmosastronomia\app\public\wp-content\plugins\lightweight-social-icons\lightweight-social-icons.php on line 53
[17-Jan-2023 17:12:40 UTC] PHP Warning:  Undefined array key "widget_id" in C:\Users\rocio\Local Sites\cosmosastronomia\app\public\wp-content\plugins\lightweight-social-icons\lightweight-social-icons.php on line 56
[17-Jan-2023 17:12:41 UTC] PHP Warning:  Undefined array key "title" in C:\Users\rocio\Local Sites\cosmosastronomia\app\public\wp-content\plugins\lightweight-social-icons\lightweight-social-icons.php on line 53
[17-Jan-2023 17:12:41 UTC] PHP Warning:  Undefined array key "widget_id" in C:\Users\rocio\Local Sites\cosmosastronomia\app\public\wp-content\plugins\lightweight-social-icons\lightweight-social-icons.php on line 56
[17-Jan-2023 17:12:49 UTC] PHP Warning:  Undefined array key "new_window" in C:\Users\rocio\Local Sites\cosmosastronomia\app\public\wp-content\plugins\lightweight-social-icons\lightweight-social-icons.php on line 327
[17-Jan-2023 17:12:49 UTC] PHP Warning:  Undefined array key "widget_id" in C:\Users\rocio\Local Sites\cosmosastronomia\app\public\wp-content\plugins\lightweight-social-icons\lightweight-social-icons.php on line 56
[17-Jan-2023 17:12:50 UTC] PHP Warning:  Undefined array key "new_window" in C:\Users\rocio\Local Sites\cosmosastronomia\app\public\wp-content\plugins\lightweight-social-icons\lightweight-social-icons.php on line 327
[17-Jan-2023 17:12:50 UTC] PHP Warning:  Undefined array key "widget_id" in C:\Users\rocio\Local Sites\cosmosastronomia\app\public\wp-content\plugins\lightweight-social-icons\lightweight-social-icons.php on line 56
[17-Jan-2023 17:13:07 UTC] PHP Warning:  Undefined array key "new_window" in C:\Users\rocio\Local Sites\cosmosastronomia\app\public\wp-content\plugins\lightweight-social-icons\lightweight-social-icons.php on line 327
[17-Jan-2023 17:13:07 UTC] PHP Warning:  Undefined array key "widget_id" in C:\Users\rocio\Local Sites\cosmosastronomia\app\public\wp-content\plugins\lightweight-social-icons\lightweight-social-icons.php on line 56
[17-Jan-2023 17:13:18 UTC] PHP Warning:  Undefined array key "widget_id" in C:\Users\rocio\Local Sites\cosmosastronomia\app\public\wp-content\plugins\lightweight-social-icons\lightweight-social-icons.php on line 56
[17-Jan-2023 17:13:19 UTC] PHP Warning:  Undefined array key "widget_id" in C:\Users\rocio\Local Sites\cosmosastronomia\app\public\wp-content\plugins\lightweight-social-icons\lightweight-social-icons.php on line 56
[17-Jan-2023 17:13:19 UTC] PHP Warning:  Undefined array key "widget_id" in C:\Users\rocio\Local Sites\cosmosastronomia\app\public\wp-content\plugins\lightweight-social-icons\lightweight-social-icons.php on line 56
[17-Jan-2023 17:13:19 UTC] PHP Warning:  Undefined array key "widget_id" in C:\Users\rocio\Local Sites\cosmosastronomia\app\public\wp-content\plugins\lightweight-social-icons\lightweight-social-icons.php on line 56
[17-Jan-2023 17:14:26 UTC] PHP Warning:  Undefined array key "new_window" in C:\Users\rocio\Local Sites\cosmosastronomia\app\public\wp-content\plugins\lightweight-social-icons\lightweight-social-icons.php on line 327
[17-Jan-2023 17:14:26 UTC] PHP Warning:  Undefined array key "widget_id" in C:\Users\rocio\Local Sites\cosmosastronomia\app\public\wp-content\plugins\lightweight-social-icons\lightweight-social-icons.php on line 56
[17-Jan-2023 17:14:27 UTC] PHP Warning:  Undefined array key "new_window" in C:\Users\rocio\Local Sites\cosmosastronomia\app\public\wp-content\plugins\lightweight-social-icons\lightweight-social-icons.php on line 327
[17-Jan-2023 17:14:27 UTC] PHP Warning:  Undefined array key "widget_id" in C:\Users\rocio\Local Sites\cosmosastronomia\app\public\wp-content\plugins\lightweight-social-icons\lightweight-social-icons.php on line 56
[17-Jan-2023 17:14:28 UTC] PHP Warning:  Undefined array key "new_window" in C:\Users\rocio\Local Sites\cosmosastronomia\app\public\wp-content\plugins\lightweight-social-icons\lightweight-social-icons.php on line 327
[17-Jan-2023 17:14:28 UTC] PHP Warning:  Undefined array key "widget_id" in C:\Users\rocio\Local Sites\cosmosastronomia\app\public\wp-content\plugins\lightweight-social-icons\lightweight-social-icons.php on line 56
[17-Jan-2023 17:14:36 UTC] PHP Warning:  Undefined array key "new_window" in C:\Users\rocio\Local Sites\cosmosastronomia\app\public\wp-content\plugins\lightweight-social-icons\lightweight-social-icons.php on line 327
[17-Jan-2023 17:14:36 UTC] PHP Warning:  Undefined array key "widget_id" in C:\Users\rocio\Local Sites\cosmosastronomia\app\public\wp-content\plugins\lightweight-social-icons\lightweight-social-icons.php on line 56
[17-Jan-2023 17:15:01 UTC] PHP Warning:  Undefined array key "new_window" in C:\Users\rocio\Local Sites\cosmosastronomia\app\public\wp-content\plugins\lightweight-social-icons\lightweight-social-icons.php on line 327
[17-Jan-2023 17:15:01 UTC] PHP Warning:  Undefined array key "widget_id" in C:\Users\rocio\Local Sites\cosmosastronomia\app\public\wp-content\plugins\lightweight-social-icons\lightweight-social-icons.php on line 56
[17-Jan-2023 17:15:09 UTC] PHP Warning:  Undefined array key "new_window" in C:\Users\rocio\Local Sites\cosmosastronomia\app\public\wp-content\plugins\lightweight-social-icons\lightweight-social-icons.php on line 327
[17-Jan-2023 17:15:09 UTC] PHP Warning:  Undefined array key "widget_id" in C:\Users\rocio\Local Sites\cosmosastronomia\app\public\wp-content\plugins\lightweight-social-icons\lightweight-social-icons.php on line 56
[17-Jan-2023 17:15:42 UTC] PHP Warning:  Undefined array key "widget_id" in C:\Users\rocio\Local Sites\cosmosastronomia\app\public\wp-content\plugins\lightweight-social-icons\lightweight-social-icons.php on line 56
[17-Jan-2023 17:16:39 UTC] PHP Warning:  Undefined array key "widget_id" in C:\Users\rocio\Local Sites\cosmosastronomia\app\public\wp-content\plugins\lightweight-social-icons\lightweight-social-icons.php on line 56
[17-Jan-2023 17:16:45 UTC] PHP Warning:  Undefined array key "widget_id" in C:\Users\rocio\Local Sites\cosmosastronomia\app\public\wp-content\plugins\lightweight-social-icons\lightweight-social-icons.php on line 56
[17-Jan-2023 17:19:10 UTC] PHP Warning:  Undefined array key "widget_id" in C:\Users\rocio\Local Sites\cosmosastronomia\app\public\wp-content\plugins\lightweight-social-icons\lightweight-social-icons.php on line 56
[17-Jan-2023 17:19:30 UTC] PHP Warning:  Undefined array key "widget_id" in C:\Users\rocio\Local Sites\cosmosastronomia\app\public\wp-content\plugins\lightweight-social-icons\lightweight-social-icons.php on line 56
[17-Jan-2023 17:20:40 UTC] PHP Warning:  Undefined array key "widget_id" in C:\Users\rocio\Local Sites\cosmosastronomia\app\public\wp-content\plugins\lightweight-social-icons\lightweight-social-icons.php on line 56
[17-Jan-2023 17:20:47 UTC] PHP Warning:  Undefined array key "widget_id" in C:\Users\rocio\Local Sites\cosmosastronomia\app\public\wp-content\plugins\lightweight-social-icons\lightweight-social-icons.php on line 56
[17-Jan-2023 17:20:52 UTC] PHP Warning:  Undefined array key "widget_id" in C:\Users\rocio\Local Sites\cosmosastronomia\app\public\wp-content\plugins\lightweight-social-icons\lightweight-social-icons.php on line 56
[17-Jan-2023 17:20:54 UTC] PHP Warning:  Undefined array key "widget_id" in C:\Users\rocio\Local Sites\cosmosastronomia\app\public\wp-content\plugins\lightweight-social-icons\lightweight-social-icons.php on line 56
[17-Jan-2023 17:21:00 UTC] PHP Warning:  Undefined array key "widget_id" in C:\Users\rocio\Local Sites\cosmosastronomia\app\public\wp-content\plugins\lightweight-social-icons\lightweight-social-icons.php on line 56
[17-Jan-2023 17:21:01 UTC] PHP Warning:  Undefined array key "widget_id" in C:\Users\rocio\Local Sites\cosmosastronomia\app\public\wp-content\plugins\lightweight-social-icons\lightweight-social-icons.php on line 56
[17-Jan-2023 17:21:02 UTC] PHP Warning:  Undefined array key "widget_id" in C:\Users\rocio\Local Sites\cosmosastronomia\app\public\wp-content\plugins\lightweight-social-icons\lightweight-social-icons.php on line 56
[17-Jan-2023 17:21:03 UTC] PHP Warning:  Undefined array key "widget_id" in C:\Users\rocio\Local Sites\cosmosastronomia\app\public\wp-content\plugins\lightweight-social-icons\lightweight-social-icons.php on line 56
[17-Jan-2023 17:21:54 UTC] PHP Warning:  Undefined array key "widget_id" in C:\Users\rocio\Local Sites\cosmosastronomia\app\public\wp-content\plugins\lightweight-social-icons\lightweight-social-icons.php on line 56
[17-Jan-2023 17:22:32 UTC] PHP Warning:  Undefined array key "widget_id" in C:\Users\rocio\Local Sites\cosmosastronomia\app\public\wp-content\plugins\lightweight-social-icons\lightweight-social-icons.php on line 56
[17-Jan-2023 17:22:44 UTC] PHP Warning:  Undefined array key "widget_id" in C:\Users\rocio\Local Sites\cosmosastronomia\app\public\wp-content\plugins\lightweight-social-icons\lightweight-social-icons.php on line 56
[17-Jan-2023 17:22:51 UTC] PHP Warning:  Undefined array key "widget_id" in C:\Users\rocio\Local Sites\cosmosastronomia\app\public\wp-content\plugins\lightweight-social-icons\lightweight-social-icons.php on line 56
[17-Jan-2023 17:22:52 UTC] PHP Warning:  Undefined array key "widget_id" in C:\Users\rocio\Local Sites\cosmosastronomia\app\public\wp-content\plugins\lightweight-social-icons\lightweight-social-icons.php on line 56
[17-Jan-2023 17:22:54 UTC] PHP Warning:  Undefined array key "widget_id" in C:\Users\rocio\Local Sites\cosmosastronomia\app\public\wp-content\plugins\lightweight-social-icons\lightweight-social-icons.php on line 56
[17-Jan-2023 17:22:55 UTC] PHP Warning:  Undefined array key "widget_id" in C:\Users\rocio\Local Sites\cosmosastronomia\app\public\wp-content\plugins\lightweight-social-icons\lightweight-social-icons.php on line 56
[17-Jan-2023 17:22:55 UTC] PHP Warning:  Undefined array key "widget_id" in C:\Users\rocio\Local Sites\cosmosastronomia\app\public\wp-content\plugins\lightweight-social-icons\lightweight-social-icons.php on line 56
[17-Jan-2023 17:22:56 UTC] PHP Warning:  Undefined array key "widget_id" in C:\Users\rocio\Local Sites\cosmosastronomia\app\public\wp-content\plugins\lightweight-social-icons\lightweight-social-icons.php on line 56
[17-Jan-2023 17:23:05 UTC] PHP Warning:  Undefined array key "widget_id" in C:\Users\rocio\Local Sites\cosmosastronomia\app\public\wp-content\plugins\lightweight-social-icons\lightweight-social-icons.php on line 56
[17-Jan-2023 17:23:47 UTC] PHP Warning:  Undefined array key "widget_id" in C:\Users\rocio\Local Sites\cosmosastronomia\app\public\wp-content\plugins\lightweight-social-icons\lightweight-social-icons.php on line 56
[17-Jan-2023 17:23:49 UTC] PHP Warning:  Undefined array key "widget_id" in C:\Users\rocio\Local Sites\cosmosastronomia\app\public\wp-content\plugins\lightweight-social-icons\lightweight-social-icons.php on line 56
[17-Jan-2023 17:23:56 UTC] PHP Warning:  Undefined array key "widget_id" in C:\Users\rocio\Local Sites\cosmosastronomia\app\public\wp-content\plugins\lightweight-social-icons\lightweight-social-icons.php on line 56
[17-Jan-2023 17:23:59 UTC] PHP Warning:  Undefined array key "widget_id" in C:\Users\rocio\Local Sites\cosmosastronomia\app\public\wp-content\plugins\lightweight-social-icons\lightweight-social-icons.php on line 56
[17-Jan-2023 17:24:05 UTC] PHP Warning:  Undefined array key "widget_id" in C:\Users\rocio\Local Sites\cosmosastronomia\app\public\wp-content\plugins\lightweight-social-icons\lightweight-social-icons.php on line 56
[17-Jan-2023 17:24:06 UTC] PHP Warning:  Undefined array key "widget_id" in C:\Users\rocio\Local Sites\cosmosastronomia\app\public\wp-content\plugins\lightweight-social-icons\lightweight-social-icons.php on line 56
[17-Jan-2023 17:24:13 UTC] PHP Warning:  Undefined array key "widget_id" in C:\Users\rocio\Local Sites\cosmosastronomia\app\public\wp-content\plugins\lightweight-social-icons\lightweight-social-icons.php on line 56
[17-Jan-2023 17:24:13 UTC] PHP Warning:  Undefined array key "widget_id" in C:\Users\rocio\Local Sites\cosmosastronomia\app\public\wp-content\plugins\lightweight-social-icons\lightweight-social-icons.php on line 56
[17-Jan-2023 17:24:20 UTC] PHP Warning:  Undefined array key "widget_id" in C:\Users\rocio\Local Sites\cosmosastronomia\app\public\wp-content\plugins\lightweight-social-icons\lightweight-social-icons.php on line 56
[17-Jan-2023 17:24:20 UTC] PHP Warning:  Undefined array key "widget_id" in C:\Users\rocio\Local Sites\cosmosastronomia\app\public\wp-content\plugins\lightweight-social-icons\lightweight-social-icons.php on line 56
[17-Jan-2023 17:24:25 UTC] PHP Warning:  Undefined array key "widget_id" in C:\Users\rocio\Local Sites\cosmosastronomia\app\public\wp-content\plugins\lightweight-social-icons\lightweight-social-icons.php on line 56
[17-Jan-2023 17:24:25 UTC] PHP Warning:  Undefined array key "widget_id" in C:\Users\rocio\Local Sites\cosmosastronomia\app\public\wp-content\plugins\lightweight-social-icons\lightweight-social-icons.php on line 56
[17-Jan-2023 17:26:05 UTC] PHP Warning:  Undefined array key "widget_id" in C:\Users\rocio\Local Sites\cosmosastronomia\app\public\wp-content\plugins\lightweight-social-icons\lightweight-social-icons.php on line 56
[17-Jan-2023 17:26:05 UTC] PHP Warning:  Undefined array key "widget_id" in C:\Users\rocio\Local Sites\cosmosastronomia\app\public\wp-content\plugins\lightweight-social-icons\lightweight-social-icons.php on line 56
[17-Jan-2023 17:26:07 UTC] PHP Warning:  Undefined array key "widget_id" in C:\Users\rocio\Local Sites\cosmosastronomia\app\public\wp-content\plugins\lightweight-social-icons\lightweight-social-icons.php on line 56
[17-Jan-2023 17:26:07 UTC] PHP Warning:  Undefined array key "widget_id" in C:\Users\rocio\Local Sites\cosmosastronomia\app\public\wp-content\plugins\lightweight-social-icons\lightweight-social-icons.php on line 56
[17-Jan-2023 17:26:08 UTC] PHP Warning:  Undefined array key "widget_id" in C:\Users\rocio\Local Sites\cosmosastronomia\app\public\wp-content\plugins\lightweight-social-icons\lightweight-social-icons.php on line 56
[17-Jan-2023 17:26:08 UTC] PHP Warning:  Undefined array key "widget_id" in C:\Users\rocio\Local Sites\cosmosastronomia\app\public\wp-content\plugins\lightweight-social-icons\lightweight-social-icons.php on line 56
[17-Jan-2023 17:26:18 UTC] PHP Warning:  Undefined array key "widget_id" in C:\Users\rocio\Local Sites\cosmosastronomia\app\public\wp-content\plugins\lightweight-social-icons\lightweight-social-icons.php on line 56
[17-Jan-2023 17:26:52 UTC] PHP Warning:  Undefined array key "widget_id" in C:\Users\rocio\Local Sites\cosmosastronomia\app\public\wp-content\plugins\lightweight-social-icons\lightweight-social-icons.php on line 56
[17-Jan-2023 17:26:53 UTC] PHP Warning:  Undefined array key "widget_id" in C:\Users\rocio\Local Sites\cosmosastronomia\app\public\wp-content\plugins\lightweight-social-icons\lightweight-social-icons.php on line 56
[17-Jan-2023 21:35:35 UTC] PHP Fatal error:  Uncaught Error: Call to undefined function the_post_foto() in C:\Users\rocio\Local Sites\cosmosastronomia\app\public\wp-content\themes\cosmos\page-staff.php:22
Stack trace:
#0 C:\Users\rocio\Local Sites\cosmosastronomia\app\public\wp-includes\template-loader.php(106): include()
#1 C:\Users\rocio\Local Sites\cosmosastronomia\app\public\wp-blog-header.php(19): require_once('C:\\Users\\rocio\\...')
#2 C:\Users\rocio\Local Sites\cosmosastronomia\app\public\index.php(17): require('C:\\Users\\rocio\\...')
#3 {main}
  thrown in C:\Users\rocio\Local Sites\cosmosastronomia\app\public\wp-content\themes\cosmos\page-staff.php on line 22
[17-Jan-2023 21:52:19 UTC] PHP Warning:  Undefined variable $image_field in C:\Users\rocio\Local Sites\cosmosastronomia\app\public\wp-content\themes\cosmos\page-staff.php on line 24
[17-Jan-2023 21:52:19 UTC] PHP Warning:  Trying to access array offset on value of type null in C:\Users\rocio\Local Sites\cosmosastronomia\app\public\wp-content\themes\cosmos\page-staff.php on line 24
[17-Jan-2023 21:52:19 UTC] PHP Warning:  Undefined variable $image_field in C:\Users\rocio\Local Sites\cosmosastronomia\app\public\wp-content\themes\cosmos\page-staff.php on line 24
[17-Jan-2023 21:52:19 UTC] PHP Warning:  Trying to access array offset on value of type null in C:\Users\rocio\Local Sites\cosmosastronomia\app\public\wp-content\themes\cosmos\page-staff.php on line 24
[17-Jan-2023 21:52:19 UTC] PHP Warning:  Undefined variable $image_field in C:\Users\rocio\Local Sites\cosmosastronomia\app\public\wp-content\themes\cosmos\page-staff.php on line 24
[17-Jan-2023 21:52:19 UTC] PHP Warning:  Trying to access array offset on value of type null in C:\Users\rocio\Local Sites\cosmosastronomia\app\public\wp-content\themes\cosmos\page-staff.php on line 24
[17-Jan-2023 21:52:21 UTC] PHP Warning:  Undefined variable $image_field in C:\Users\rocio\Local Sites\cosmosastronomia\app\public\wp-content\themes\cosmos\page-staff.php on line 24
[17-Jan-2023 21:52:21 UTC] PHP Warning:  Trying to access array offset on value of type null in C:\Users\rocio\Local Sites\cosmosastronomia\app\public\wp-content\themes\cosmos\page-staff.php on line 24
[17-Jan-2023 21:52:21 UTC] PHP Warning:  Undefined variable $image_field in C:\Users\rocio\Local Sites\cosmosastronomia\app\public\wp-content\themes\cosmos\page-staff.php on line 24
[17-Jan-2023 21:52:21 UTC] PHP Warning:  Trying to access array offset on value of type null in C:\Users\rocio\Local Sites\cosmosastronomia\app\public\wp-content\themes\cosmos\page-staff.php on line 24
[17-Jan-2023 21:52:21 UTC] PHP Warning:  Undefined variable $image_field in C:\Users\rocio\Local Sites\cosmosastronomia\app\public\wp-content\themes\cosmos\page-staff.php on line 24
[17-Jan-2023 21:52:21 UTC] PHP Warning:  Trying to access array offset on value of type null in C:\Users\rocio\Local Sites\cosmosastronomia\app\public\wp-content\themes\cosmos\page-staff.php on line 24
[17-Jan-2023 21:52:22 UTC] PHP Warning:  Undefined variable $image_field in C:\Users\rocio\Local Sites\cosmosastronomia\app\public\wp-content\themes\cosmos\page-staff.php on line 24
[17-Jan-2023 21:52:22 UTC] PHP Warning:  Trying to access array offset on value of type null in C:\Users\rocio\Local Sites\cosmosastronomia\app\public\wp-content\themes\cosmos\page-staff.php on line 24
[17-Jan-2023 21:52:22 UTC] PHP Warning:  Undefined variable $image_field in C:\Users\rocio\Local Sites\cosmosastronomia\app\public\wp-content\themes\cosmos\page-staff.php on line 24
[17-Jan-2023 21:52:22 UTC] PHP Warning:  Trying to access array offset on value of type null in C:\Users\rocio\Local Sites\cosmosastronomia\app\public\wp-content\themes\cosmos\page-staff.php on line 24
[17-Jan-2023 21:52:22 UTC] PHP Warning:  Undefined variable $image_field in C:\Users\rocio\Local Sites\cosmosastronomia\app\public\wp-content\themes\cosmos\page-staff.php on line 24
[17-Jan-2023 21:52:22 UTC] PHP Warning:  Trying to access array offset on value of type null in C:\Users\rocio\Local Sites\cosmosastronomia\app\public\wp-content\themes\cosmos\page-staff.php on line 24
[17-Jan-2023 21:52:22 UTC] PHP Warning:  Undefined variable $image_field in C:\Users\rocio\Local Sites\cosmosastronomia\app\public\wp-content\themes\cosmos\page-staff.php on line 24
[17-Jan-2023 21:52:22 UTC] PHP Warning:  Trying to access array offset on value of type null in C:\Users\rocio\Local Sites\cosmosastronomia\app\public\wp-content\themes\cosmos\page-staff.php on line 24
[17-Jan-2023 21:52:22 UTC] PHP Warning:  Undefined variable $image_field in C:\Users\rocio\Local Sites\cosmosastronomia\app\public\wp-content\themes\cosmos\page-staff.php on line 24
[17-Jan-2023 21:52:22 UTC] PHP Warning:  Trying to access array offset on value of type null in C:\Users\rocio\Local Sites\cosmosastronomia\app\public\wp-content\themes\cosmos\page-staff.php on line 24
[17-Jan-2023 21:52:22 UTC] PHP Warning:  Undefined variable $image_field in C:\Users\rocio\Local Sites\cosmosastronomia\app\public\wp-content\themes\cosmos\page-staff.php on line 24
[17-Jan-2023 21:52:22 UTC] PHP Warning:  Trying to access array offset on value of type null in C:\Users\rocio\Local Sites\cosmosastronomia\app\public\wp-content\themes\cosmos\page-staff.php on line 24
[17-Jan-2023 21:53:30 UTC] PHP Fatal error:  Uncaught TypeError: Cannot access offset of type string on string in C:\Users\rocio\Local Sites\cosmosastronomia\app\public\wp-content\themes\cosmos\page-staff.php:24
Stack trace:
#0 C:\Users\rocio\Local Sites\cosmosastronomia\app\public\wp-includes\template-loader.php(106): include()
#1 C:\Users\rocio\Local Sites\cosmosastronomia\app\public\wp-blog-header.php(19): require_once('C:\\Users\\rocio\\...')
#2 C:\Users\rocio\Local Sites\cosmosastronomia\app\public\index.php(17): require('C:\\Users\\rocio\\...')
#3 {main}
  thrown in C:\Users\rocio\Local Sites\cosmosastronomia\app\public\wp-content\themes\cosmos\page-staff.php on line 24
[17-Jan-2023 21:53:32 UTC] PHP Fatal error:  Uncaught TypeError: Cannot access offset of type string on string in C:\Users\rocio\Local Sites\cosmosastronomia\app\public\wp-content\themes\cosmos\page-staff.php:24
Stack trace:
#0 C:\Users\rocio\Local Sites\cosmosastronomia\app\public\wp-includes\template-loader.php(106): include()
#1 C:\Users\rocio\Local Sites\cosmosastronomia\app\public\wp-blog-header.php(19): require_once('C:\\Users\\rocio\\...')
#2 C:\Users\rocio\Local Sites\cosmosastronomia\app\public\index.php(17): require('C:\\Users\\rocio\\...')
#3 {main}
  thrown in C:\Users\rocio\Local Sites\cosmosastronomia\app\public\wp-content\themes\cosmos\page-staff.php on line 24
[17-Jan-2023 21:54:54 UTC] PHP Fatal error:  Uncaught TypeError: Cannot access offset of type string on string in C:\Users\rocio\Local Sites\cosmosastronomia\app\public\wp-content\themes\cosmos\page-staff.php:20
Stack trace:
#0 C:\Users\rocio\Local Sites\cosmosastronomia\app\public\wp-includes\template-loader.php(106): include()
#1 C:\Users\rocio\Local Sites\cosmosastronomia\app\public\wp-blog-header.php(19): require_once('C:\\Users\\rocio\\...')
#2 C:\Users\rocio\Local Sites\cosmosastronomia\app\public\index.php(17): require('C:\\Users\\rocio\\...')
#3 {main}
  thrown in C:\Users\rocio\Local Sites\cosmosastronomia\app\public\wp-content\themes\cosmos\page-staff.php on line 20
[17-Jan-2023 21:55:29 UTC] PHP Fatal error:  Uncaught TypeError: Cannot access offset of type string on string in C:\Users\rocio\Local Sites\cosmosastronomia\app\public\wp-content\themes\cosmos\page-staff.php:20
Stack trace:
#0 C:\Users\rocio\Local Sites\cosmosastronomia\app\public\wp-includes\template-loader.php(106): include()
#1 C:\Users\rocio\Local Sites\cosmosastronomia\app\public\wp-blog-header.php(19): require_once('C:\\Users\\rocio\\...')
#2 C:\Users\rocio\Local Sites\cosmosastronomia\app\public\index.php(17): require('C:\\Users\\rocio\\...')
#3 {main}
  thrown in C:\Users\rocio\Local Sites\cosmosastronomia\app\public\wp-content\themes\cosmos\page-staff.php on line 20
[17-Jan-2023 21:55:35 UTC] PHP Fatal error:  Uncaught TypeError: Cannot access offset of type string on string in C:\Users\rocio\Local Sites\cosmosastronomia\app\public\wp-content\themes\cosmos\page-staff.php:20
Stack trace:
#0 C:\Users\rocio\Local Sites\cosmosastronomia\app\public\wp-includes\template-loader.php(106): include()
#1 C:\Users\rocio\Local Sites\cosmosastronomia\app\public\wp-blog-header.php(19): require_once('C:\\Users\\rocio\\...')
#2 C:\Users\rocio\Local Sites\cosmosastronomia\app\public\index.php(17): require('C:\\Users\\rocio\\...')
#3 {main}
  thrown in C:\Users\rocio\Local Sites\cosmosastronomia\app\public\wp-content\themes\cosmos\page-staff.php on line 20
[17-Jan-2023 21:55:43 UTC] PHP Fatal error:  Uncaught TypeError: Cannot access offset of type string on string in C:\Users\rocio\Local Sites\cosmosastronomia\app\public\wp-content\themes\cosmos\page-staff.php:20
Stack trace:
#0 C:\Users\rocio\Local Sites\cosmosastronomia\app\public\wp-includes\template-loader.php(106): include()
#1 C:\Users\rocio\Local Sites\cosmosastronomia\app\public\wp-blog-header.php(19): require_once('C:\\Users\\rocio\\...')
#2 C:\Users\rocio\Local Sites\cosmosastronomia\app\public\index.php(17): require('C:\\Users\\rocio\\...')
#3 {main}
  thrown in C:\Users\rocio\Local Sites\cosmosastronomia\app\public\wp-content\themes\cosmos\page-staff.php on line 20
[17-Jan-2023 21:56:07 UTC] PHP Warning:  Undefined variable $image_field in C:\Users\rocio\Local Sites\cosmosastronomia\app\public\wp-content\themes\cosmos\page-staff.php on line 19
[17-Jan-2023 21:56:07 UTC] PHP Fatal error:  Uncaught Error: Call to a member function get_field() on null in C:\Users\rocio\Local Sites\cosmosastronomia\app\public\wp-content\themes\cosmos\page-staff.php:19
Stack trace:
#0 C:\Users\rocio\Local Sites\cosmosastronomia\app\public\wp-includes\template-loader.php(106): include()
#1 C:\Users\rocio\Local Sites\cosmosastronomia\app\public\wp-blog-header.php(19): require_once('C:\\Users\\rocio\\...')
#2 C:\Users\rocio\Local Sites\cosmosastronomia\app\public\index.php(17): require('C:\\Users\\rocio\\...')
#3 {main}
  thrown in C:\Users\rocio\Local Sites\cosmosastronomia\app\public\wp-content\themes\cosmos\page-staff.php on line 19
[17-Jan-2023 21:56:48 UTC] PHP Warning:  Undefined variable $image_field in C:\Users\rocio\Local Sites\cosmosastronomia\app\public\wp-content\themes\cosmos\page-staff.php on line 19
[17-Jan-2023 21:56:48 UTC] PHP Fatal error:  Uncaught Error: Call to a member function get_field() on null in C:\Users\rocio\Local Sites\cosmosastronomia\app\public\wp-content\themes\cosmos\page-staff.php:19
Stack trace:
#0 C:\Users\rocio\Local Sites\cosmosastronomia\app\public\wp-includes\template-loader.php(106): include()
#1 C:\Users\rocio\Local Sites\cosmosastronomia\app\public\wp-blog-header.php(19): require_once('C:\\Users\\rocio\\...')
#2 C:\Users\rocio\Local Sites\cosmosastronomia\app\public\index.php(17): require('C:\\Users\\rocio\\...')
#3 {main}
  thrown in C:\Users\rocio\Local Sites\cosmosastronomia\app\public\wp-content\themes\cosmos\page-staff.php on line 19
[17-Jan-2023 21:57:26 UTC] PHP Warning:  Undefined variable $image_field in C:\Users\rocio\Local Sites\cosmosastronomia\app\public\wp-content\themes\cosmos\page-staff.php on line 19
[17-Jan-2023 21:57:26 UTC] PHP Fatal error:  Uncaught Error: Call to a member function get_field() on null in C:\Users\rocio\Local Sites\cosmosastronomia\app\public\wp-content\themes\cosmos\page-staff.php:19
Stack trace:
#0 C:\Users\rocio\Local Sites\cosmosastronomia\app\public\wp-includes\template-loader.php(106): include()
#1 C:\Users\rocio\Local Sites\cosmosastronomia\app\public\wp-blog-header.php(19): require_once('C:\\Users\\rocio\\...')
#2 C:\Users\rocio\Local Sites\cosmosastronomia\app\public\index.php(17): require('C:\\Users\\rocio\\...')
#3 {main}
  thrown in C:\Users\rocio\Local Sites\cosmosastronomia\app\public\wp-content\themes\cosmos\page-staff.php on line 19
[17-Jan-2023 21:59:31 UTC] PHP Fatal error:  Uncaught TypeError: Cannot access offset of type string on string in C:\Users\rocio\Local Sites\cosmosastronomia\app\public\wp-content\themes\cosmos\page-staff.php:23
Stack trace:
#0 C:\Users\rocio\Local Sites\cosmosastronomia\app\public\wp-includes\template-loader.php(106): include()
#1 C:\Users\rocio\Local Sites\cosmosastronomia\app\public\wp-blog-header.php(19): require_once('C:\\Users\\rocio\\...')
#2 C:\Users\rocio\Local Sites\cosmosastronomia\app\public\index.php(17): require('C:\\Users\\rocio\\...')
#3 {main}
  thrown in C:\Users\rocio\Local Sites\cosmosastronomia\app\public\wp-content\themes\cosmos\page-staff.php on line 23
[17-Jan-2023 21:59:48 UTC] PHP Fatal error:  Uncaught TypeError: Cannot access offset of type string on string in C:\Users\rocio\Local Sites\cosmosastronomia\app\public\wp-content\themes\cosmos\page-staff.php:23
Stack trace:
#0 C:\Users\rocio\Local Sites\cosmosastronomia\app\public\wp-includes\template-loader.php(106): include()
#1 C:\Users\rocio\Local Sites\cosmosastronomia\app\public\wp-blog-header.php(19): require_once('C:\\Users\\rocio\\...')
#2 C:\Users\rocio\Local Sites\cosmosastronomia\app\public\index.php(17): require('C:\\Users\\rocio\\...')
#3 {main}
  thrown in C:\Users\rocio\Local Sites\cosmosastronomia\app\public\wp-content\themes\cosmos\page-staff.php on line 23
[17-Jan-2023 21:59:56 UTC] PHP Fatal error:  Uncaught TypeError: Cannot access offset of type string on string in C:\Users\rocio\Local Sites\cosmosastronomia\app\public\wp-content\themes\cosmos\page-staff.php:23
Stack trace:
#0 C:\Users\rocio\Local Sites\cosmosastronomia\app\public\wp-includes\template-loader.php(106): include()
#1 C:\Users\rocio\Local Sites\cosmosastronomia\app\public\wp-blog-header.php(19): require_once('C:\\Users\\rocio\\...')
#2 C:\Users\rocio\Local Sites\cosmosastronomia\app\public\index.php(17): require('C:\\Users\\rocio\\...')
#3 {main}
  thrown in C:\Users\rocio\Local Sites\cosmosastronomia\app\public\wp-content\themes\cosmos\page-staff.php on line 23
[17-Jan-2023 22:00:38 UTC] PHP Fatal error:  Uncaught TypeError: Cannot access offset of type string on string in C:\Users\rocio\Local Sites\cosmosastronomia\app\public\wp-content\themes\cosmos\page-staff.php:23
Stack trace:
#0 C:\Users\rocio\Local Sites\cosmosastronomia\app\public\wp-includes\template-loader.php(106): include()
#1 C:\Users\rocio\Local Sites\cosmosastronomia\app\public\wp-blog-header.php(19): require_once('C:\\Users\\rocio\\...')
#2 C:\Users\rocio\Local Sites\cosmosastronomia\app\public\index.php(17): require('C:\\Users\\rocio\\...')
#3 {main}
  thrown in C:\Users\rocio\Local Sites\cosmosastronomia\app\public\wp-content\themes\cosmos\page-staff.php on line 23
[17-Jan-2023 22:00:56 UTC] PHP Warning:  Undefined variable $image in C:\Users\rocio\Local Sites\cosmosastronomia\app\public\wp-content\themes\cosmos\page-staff.php on line 19
[17-Jan-2023 22:00:56 UTC] PHP Fatal error:  Uncaught Error: Call to a member function get_field() on null in C:\Users\rocio\Local Sites\cosmosastronomia\app\public\wp-content\themes\cosmos\page-staff.php:19
Stack trace:
#0 C:\Users\rocio\Local Sites\cosmosastronomia\app\public\wp-includes\template-loader.php(106): include()
#1 C:\Users\rocio\Local Sites\cosmosastronomia\app\public\wp-blog-header.php(19): require_once('C:\\Users\\rocio\\...')
#2 C:\Users\rocio\Local Sites\cosmosastronomia\app\public\index.php(17): require('C:\\Users\\rocio\\...')
#3 {main}
  thrown in C:\Users\rocio\Local Sites\cosmosastronomia\app\public\wp-content\themes\cosmos\page-staff.php on line 19
[17-Jan-2023 22:01:55 UTC] PHP Fatal error:  Uncaught TypeError: Cannot access offset of type string on string in C:\Users\rocio\Local Sites\cosmosastronomia\app\public\wp-content\themes\cosmos\page-staff.php:27
Stack trace:
#0 C:\Users\rocio\Local Sites\cosmosastronomia\app\public\wp-includes\template-loader.php(106): include()
#1 C:\Users\rocio\Local Sites\cosmosastronomia\app\public\wp-blog-header.php(19): require_once('C:\\Users\\rocio\\...')
#2 C:\Users\rocio\Local Sites\cosmosastronomia\app\public\index.php(17): require('C:\\Users\\rocio\\...')
#3 {main}
  thrown in C:\Users\rocio\Local Sites\cosmosastronomia\app\public\wp-content\themes\cosmos\page-staff.php on line 27
[17-Jan-2023 22:02:14 UTC] PHP Fatal error:  Uncaught TypeError: Cannot access offset of type string on string in C:\Users\rocio\Local Sites\cosmosastronomia\app\public\wp-content\themes\cosmos\page-staff.php:27
Stack trace:
#0 C:\Users\rocio\Local Sites\cosmosastronomia\app\public\wp-includes\template-loader.php(106): include()
#1 C:\Users\rocio\Local Sites\cosmosastronomia\app\public\wp-blog-header.php(19): require_once('C:\\Users\\rocio\\...')
#2 C:\Users\rocio\Local Sites\cosmosastronomia\app\public\index.php(17): require('C:\\Users\\rocio\\...')
#3 {main}
  thrown in C:\Users\rocio\Local Sites\cosmosastronomia\app\public\wp-content\themes\cosmos\page-staff.php on line 27
[17-Jan-2023 22:03:04 UTC] PHP Fatal error:  Uncaught TypeError: Cannot access offset of type string on string in C:\Users\rocio\Local Sites\cosmosastronomia\app\public\wp-content\themes\cosmos\page-staff.php:27
Stack trace:
#0 C:\Users\rocio\Local Sites\cosmosastronomia\app\public\wp-includes\template-loader.php(106): include()
#1 C:\Users\rocio\Local Sites\cosmosastronomia\app\public\wp-blog-header.php(19): require_once('C:\\Users\\rocio\\...')
#2 C:\Users\rocio\Local Sites\cosmosastronomia\app\public\index.php(17): require('C:\\Users\\rocio\\...')
#3 {main}
  thrown in C:\Users\rocio\Local Sites\cosmosastronomia\app\public\wp-content\themes\cosmos\page-staff.php on line 27
[17-Jan-2023 22:04:03 UTC] PHP Fatal error:  Uncaught TypeError: Cannot access offset of type string on string in C:\Users\rocio\Local Sites\cosmosastronomia\app\public\wp-content\themes\cosmos\page-staff.php:28
Stack trace:
#0 C:\Users\rocio\Local Sites\cosmosastronomia\app\public\wp-includes\template-loader.php(106): include()
#1 C:\Users\rocio\Local Sites\cosmosastronomia\app\public\wp-blog-header.php(19): require_once('C:\\Users\\rocio\\...')
#2 C:\Users\rocio\Local Sites\cosmosastronomia\app\public\index.php(17): require('C:\\Users\\rocio\\...')
#3 {main}
  thrown in C:\Users\rocio\Local Sites\cosmosastronomia\app\public\wp-content\themes\cosmos\page-staff.php on line 28
[17-Jan-2023 22:05:59 UTC] PHP Fatal error:  Uncaught TypeError: Cannot access offset of type string on string in C:\Users\rocio\Local Sites\cosmosastronomia\app\public\wp-content\themes\cosmos\page-staff.php:29
Stack trace:
#0 C:\Users\rocio\Local Sites\cosmosastronomia\app\public\wp-includes\template-loader.php(106): include()
#1 C:\Users\rocio\Local Sites\cosmosastronomia\app\public\wp-blog-header.php(19): require_once('C:\\Users\\rocio\\...')
#2 C:\Users\rocio\Local Sites\cosmosastronomia\app\public\index.php(17): require('C:\\Users\\rocio\\...')
#3 {main}
  thrown in C:\Users\rocio\Local Sites\cosmosastronomia\app\public\wp-content\themes\cosmos\page-staff.php on line 29
[17-Jan-2023 22:49:16 UTC] PHP Warning:  Undefined array key "widget_id" in C:\Users\rocio\Local Sites\cosmosastronomia\app\public\wp-content\plugins\lightweight-social-icons\lightweight-social-icons.php on line 56
[17-Jan-2023 22:49:17 UTC] PHP Warning:  Undefined array key "widget_id" in C:\Users\rocio\Local Sites\cosmosastronomia\app\public\wp-content\plugins\lightweight-social-icons\lightweight-social-icons.php on line 56
[17-Jan-2023 23:06:46 UTC] PHP Warning:  Undefined array key "widget_id" in C:\Users\rocio\Local Sites\cosmosastronomia\app\public\wp-content\plugins\lightweight-social-icons\lightweight-social-icons.php on line 56
[18-Jan-2023 00:01:25 UTC] PHP Warning:  Undefined array key "widget_id" in C:\Users\rocio\Local Sites\cosmosastronomia\app\public\wp-content\plugins\lightweight-social-icons\lightweight-social-icons.php on line 56
[18-Jan-2023 00:21:42 UTC] PHP Warning:  Array to string conversion in C:\Users\rocio\Local Sites\cosmosastronomia\app\public\wp-content\themes\cosmos\page-articulos.php on line 26
